# JRE version: Java(TM) SE Runtime Environment (8.0_261-b12) (build 1.8.0_261-b12)
# Java VM: Java HotSpot(TM) 64-Bit Server VM (25.261-b12 mixed mode windows-amd64 compressed oops)
Heap:
 PSYoungGen      total 141824K, used 72197K [0x000000076ac00000, 0x0000000774100000, 0x00000007c0000000)
  eden space 131072K, 46% used [0x000000076ac00000,0x000000076e804c60,0x0000000772c00000)
  from space 10752K, 99% used [0x0000000772c00000,0x000000077367c7e0,0x0000000773680000)
  to   space 10752K, 0% used [0x0000000773680000,0x0000000773680000,0x0000000774100000)
 ParOldGen       total 172544K, used 32957K [0x00000006c0400000, 0x00000006cac80000, 0x000000076ac00000)
  object space 172544K, 19% used [0x00000006c0400000,0x00000006c242f680,0x00000006cac80000)
 Metaspace       used 45263K, capacity 46384K, committed 46552K, reserved 1091584K
  class space    used 5069K, capacity 5357K, committed 5376K, reserved 1048576K
GC Heap History (10 events):
Event: 4.291 GC heap before
{Heap before GC invocations=5 (full 0):
 PSYoungGen      total 141824K, used 32763K [0x000000076ac00000, 0x0000000774100000, 0x00000007c0000000)
  eden space 131072K, 16% used [0x000000076ac00000,0x000000076c184558,0x0000000772c00000)
  from space 10752K, 99% used [0x0000000773680000,0x00000007740faa38,0x0000000774100000)
  to   space 10752K, 0% used [0x0000000772c00000,0x0000000772c00000,0x0000000773680000)
 ParOldGen       total 175104K, used 37652K [0x00000006c0400000, 0x00000006caf00000, 0x000000076ac00000)
  object space 175104K, 21% used [0x00000006c0400000,0x00000006c28c5260,0x00000006caf00000)
 Metaspace       used 20594K, capacity 21166K, committed 21248K, reserved 1069056K
  class space    used 2320K, capacity 2517K, committed 2560K, reserved 1048576K
Event: 4.303 GC heap after
Heap after GC invocations=5 (full 0):
 PSYoungGen      total 141824K, used 9916K [0x000000076ac00000, 0x0000000774100000, 0x00000007c0000000)
  eden space 131072K, 0% used [0x000000076ac00000,0x000000076ac00000,0x0000000772c00000)
  from space 10752K, 92% used [0x0000000772c00000,0x00000007735af000,0x0000000773680000)
  to   space 10752K, 0% used [0x0000000773680000,0x0000000773680000,0x0000000774100000)
 ParOldGen       total 175104K, used 37660K [0x00000006c0400000, 0x00000006caf00000, 0x000000076ac00000)
  object space 175104K, 21% used [0x00000006c0400000,0x00000006c28c7260,0x00000006caf00000)
 Metaspace       used 20594K, capacity 21166K, committed 21248K, reserved 1069056K
  class space    used 2320K, capacity 2517K, committed 2560K, reserved 1048576K
}
Event: 4.303 GC heap before
{Heap before GC invocations=6 (full 1):
 PSYoungGen      total 141824K, used 9916K [0x000000076ac00000, 0x0000000774100000, 0x00000007c0000000)
  eden space 131072K, 0% used [0x000000076ac00000,0x000000076ac00000,0x0000000772c00000)
  from space 10752K, 92% used [0x0000000772c00000,0x00000007735af000,0x0000000773680000)
  to   space 10752K, 0% used [0x0000000773680000,0x0000000773680000,0x0000000774100000)
 ParOldGen       total 175104K, used 37660K [0x00000006c0400000, 0x00000006caf00000, 0x000000076ac00000)
  object space 175104K, 21% used [0x00000006c0400000,0x00000006c28c7260,0x00000006caf00000)
 Metaspace       used 20594K, capacity 21166K, committed 21248K, reserved 1069056K
  class space    used 2320K, capacity 2517K, committed 2560K, reserved 1048576K
Event: 4.354 GC heap after
Heap after GC invocations=6 (full 1):
 PSYoungGen      total 141824K, used 0K [0x000000076ac00000, 0x0000000774100000, 0x00000007c0000000)
  eden space 131072K, 0% used [0x000000076ac00000,0x000000076ac00000,0x0000000772c00000)
  from space 10752K, 0% used [0x0000000772c00000,0x0000000772c00000,0x0000000773680000)
  to   space 10752K, 0% used [0x0000000773680000,0x0000000773680000,0x0000000774100000)
 ParOldGen       total 117248K, used 10180K [0x00000006c0400000, 0x00000006c7680000, 0x000000076ac00000)
  object space 117248K, 8% used [0x00000006c0400000,0x00000006c0df11e0,0x00000006c7680000)
 Metaspace       used 20592K, capacity 21160K, committed 21248K, reserved 1069056K
  class space    used 2319K, capacity 2516K, committed 2560K, reserved 1048576K
}
Event: 6.667 GC heap before
{Heap before GC invocations=7 (full 1):
 PSYoungGen      total 141824K, used 128020K [0x000000076ac00000, 0x0000000774100000, 0x00000007c0000000)
  eden space 131072K, 97% used [0x000000076ac00000,0x00000007729053c8,0x0000000772c00000)
  from space 10752K, 0% used [0x0000000772c00000,0x0000000772c00000,0x0000000773680000)
  to   space 10752K, 0% used [0x0000000773680000,0x0000000773680000,0x0000000774100000)
 ParOldGen       total 117248K, used 10180K [0x00000006c0400000, 0x00000006c7680000, 0x000000076ac00000)
  object space 117248K, 8% used [0x00000006c0400000,0x00000006c0df11e0,0x00000006c7680000)
 Metaspace       used 34428K, capacity 35340K, committed 35416K, reserved 1081344K
  class space    used 3973K, capacity 4218K, committed 4224K, reserved 1048576K
Event: 6.677 GC heap after
Heap after GC invocations=7 (full 1):
 PSYoungGen      total 141824K, used 10742K [0x000000076ac00000, 0x0000000774100000, 0x00000007c0000000)
  eden space 131072K, 0% used [0x000000076ac00000,0x000000076ac00000,0x0000000772c00000)
  from space 10752K, 99% used [0x0000000773680000,0x00000007740fd890,0x0000000774100000)
  to   space 10752K, 0% used [0x0000000772c00000,0x0000000772c00000,0x0000000773680000)
 ParOldGen       total 117248K, used 15233K [0x00000006c0400000, 0x00000006c7680000, 0x000000076ac00000)
  object space 117248K, 12% used [0x00000006c0400000,0x00000006c12e06c8,0x00000006c7680000)
 Metaspace       used 34428K, capacity 35340K, committed 35416K, reserved 1081344K
  class space    used 3973K, capacity 4218K, committed 4224K, reserved 1048576K
}
Event: 6.677 GC heap before
{Heap before GC invocations=8 (full 2):
 PSYoungGen      total 141824K, used 10742K [0x000000076ac00000, 0x0000000774100000, 0x00000007c0000000)
  eden space 131072K, 0% used [0x000000076ac00000,0x000000076ac00000,0x0000000772c00000)
  from space 10752K, 99% used [0x0000000773680000,0x00000007740fd890,0x0000000774100000)
  to   space 10752K, 0% used [0x0000000772c00000,0x0000000772c00000,0x0000000773680000)
 ParOldGen       total 117248K, used 15233K [0x00000006c0400000, 0x00000006c7680000, 0x000000076ac00000)
  object space 117248K, 12% used [0x00000006c0400000,0x00000006c12e06c8,0x00000006c7680000)
 Metaspace       used 34428K, capacity 35340K, committed 35416K, reserved 1081344K
  class space    used 3973K, capacity 4218K, committed 4224K, reserved 1048576K
Event: 6.774 GC heap after
Heap after GC invocations=8 (full 2):
 PSYoungGen      total 141824K, used 0K [0x000000076ac00000, 0x0000000774100000, 0x00000007c0000000)
  eden space 131072K, 0% used [0x000000076ac00000,0x000000076ac00000,0x0000000772c00000)
  from space 10752K, 0% used [0x0000000773680000,0x0000000773680000,0x0000000774100000)
  to   space 10752K, 0% used [0x0000000772c00000,0x0000000772c00000,0x0000000773680000)
 ParOldGen       total 172544K, used 23178K [0x00000006c0400000, 0x00000006cac80000, 0x000000076ac00000)
  object space 172544K, 13% used [0x00000006c0400000,0x00000006c1aa2960,0x00000006cac80000)
 Metaspace       used 34428K, capacity 35340K, committed 35416K, reserved 1081344K
  class space    used 3973K, capacity 4218K, committed 4224K, reserved 1048576K
}
Event: 8.359 GC heap before
{Heap before GC invocations=9 (full 2):
 PSYoungGen      total 141824K, used 131072K [0x000000076ac00000, 0x0000000774100000, 0x00000007c0000000)
  eden space 131072K, 100% used [0x000000076ac00000,0x0000000772c00000,0x0000000772c00000)
  from space 10752K, 0% used [0x0000000773680000,0x0000000773680000,0x0000000774100000)
  to   space 10752K, 0% used [0x0000000772c00000,0x0000000772c00000,0x0000000773680000)
 ParOldGen       total 172544K, used 23178K [0x00000006c0400000, 0x00000006cac80000, 0x000000076ac00000)
  object space 172544K, 13% used [0x00000006c0400000,0x00000006c1aa2960,0x00000006cac80000)
 Metaspace       used 41799K, capacity 42746K, committed 42968K, reserved 1087488K
  class space    used 4735K, capacity 5013K, committed 5120K, reserved 1048576K
Event: 8.389 GC heap after
Heap after GC invocations=9 (full 2):
 PSYoungGen      total 141824K, used 10737K [0x000000076ac00000, 0x0000000774100000, 0x00000007c0000000)
  eden space 131072K, 0% used [0x000000076ac00000,0x000000076ac00000,0x0000000772c00000)
  from space 10752K, 99% used [0x0000000772c00000,0x000000077367c7e0,0x0000000773680000)
  to   space 10752K, 0% used [0x0000000773680000,0x0000000773680000,0x0000000774100000)
 ParOldGen       total 172544K, used 32957K [0x00000006c0400000, 0x00000006cac80000, 0x000000076ac00000)
  object space 172544K, 19% used [0x00000006c0400000,0x00000006c242f680,0x00000006cac80000)
 Metaspace       used 41799K, capacity 42746K, committed 42968K, reserved 1087488K
  class space    used 4735K, capacity 5013K, committed 5120K, reserved 1048576K
}

