# JRE version: Java(TM) SE Runtime Environment (8.0_261-b12) (build 1.8.0_261-b12)
# Java VM: Java HotSpot(TM) 64-Bit Server VM (25.261-b12 mixed mode windows-amd64 compressed oops)
Heap:
 PSYoungGen      total 120832K, used 11081K [0x000000076ac00000, 0x000000077c600000, 0x00000007c0000000)
  eden space 110080K, 10% used [0x000000076ac00000,0x000000076b6d2400,0x0000000771780000)
  from space 10752K, 0% used [0x0000000773680000,0x0000000773680000,0x0000000774100000)
  to   space 31744K, 0% used [0x0000000771780000,0x0000000771780000,0x0000000773680000)
 ParOldGen       total 114176K, used 23178K [0x00000006c0400000, 0x00000006c7380000, 0x000000076ac00000)
  object space 114176K, 20% used [0x00000006c0400000,0x00000006c1aa2858,0x00000006c7380000)
 Metaspace       used 35123K, capacity 36062K, committed 36312K, reserved 1081344K
  class space    used 4102K, capacity 4349K, committed 4352K, reserved 1048576K
GC Heap History (10 events):
Event: 3.928 GC heap before
{Heap before GC invocations=4 (full 0):
 PSYoungGen      total 141824K, used 141813K [0x000000076ac00000, 0x0000000774100000, 0x00000007c0000000)
  eden space 131072K, 100% used [0x000000076ac00000,0x0000000772c00000,0x0000000772c00000)
  from space 10752K, 99% used [0x0000000772c00000,0x000000077367d480,0x0000000773680000)
  to   space 10752K, 0% used [0x0000000773680000,0x0000000773680000,0x0000000774100000)
 ParOldGen       total 175104K, used 21686K [0x00000006c0400000, 0x00000006caf00000, 0x000000076ac00000)
  object space 175104K, 12% used [0x00000006c0400000,0x00000006c192d808,0x00000006caf00000)
 Metaspace       used 19008K, capacity 19572K, committed 19712K, reserved 1067008K
  class space    used 2111K, capacity 2281K, committed 2304K, reserved 1048576K
Event: 3.961 GC heap after
Heap after GC invocations=4 (full 0):
 PSYoungGen      total 141824K, used 10746K [0x000000076ac00000, 0x0000000774100000, 0x00000007c0000000)
  eden space 131072K, 0% used [0x000000076ac00000,0x000000076ac00000,0x0000000772c00000)
  from space 10752K, 99% used [0x0000000773680000,0x00000007740feb58,0x0000000774100000)
  to   space 10752K, 0% used [0x0000000772c00000,0x0000000772c00000,0x0000000773680000)
 ParOldGen       total 175104K, used 37064K [0x00000006c0400000, 0x00000006caf00000, 0x000000076ac00000)
  object space 175104K, 21% used [0x00000006c0400000,0x00000006c2832298,0x00000006caf00000)
 Metaspace       used 19008K, capacity 19572K, committed 19712K, reserved 1067008K
  class space    used 2111K, capacity 2281K, committed 2304K, reserved 1048576K
}
Event: 4.239 GC heap before
{Heap before GC invocations=5 (full 0):
 PSYoungGen      total 141824K, used 31797K [0x000000076ac00000, 0x0000000774100000, 0x00000007c0000000)
  eden space 131072K, 16% used [0x000000076ac00000,0x000000076c08ec68,0x0000000772c00000)
  from space 10752K, 99% used [0x0000000773680000,0x00000007740feb58,0x0000000774100000)
  to   space 10752K, 0% used [0x0000000772c00000,0x0000000772c00000,0x0000000773680000)
 ParOldGen       total 175104K, used 37064K [0x00000006c0400000, 0x00000006caf00000, 0x000000076ac00000)
  object space 175104K, 21% used [0x00000006c0400000,0x00000006c2832298,0x00000006caf00000)
 Metaspace       used 20606K, capacity 21164K, committed 21248K, reserved 1069056K
  class space    used 2323K, capacity 2516K, committed 2560K, reserved 1048576K
Event: 4.252 GC heap after
Heap after GC invocations=5 (full 0):
 PSYoungGen      total 141824K, used 9851K [0x000000076ac00000, 0x0000000774100000, 0x00000007c0000000)
  eden space 131072K, 0% used [0x000000076ac00000,0x000000076ac00000,0x0000000772c00000)
  from space 10752K, 91% used [0x0000000772c00000,0x000000077359efe0,0x0000000773680000)
  to   space 10752K, 0% used [0x0000000773680000,0x0000000773680000,0x0000000774100000)
 ParOldGen       total 175104K, used 37072K [0x00000006c0400000, 0x00000006caf00000, 0x000000076ac00000)
  object space 175104K, 21% used [0x00000006c0400000,0x00000006c2834298,0x00000006caf00000)
 Metaspace       used 20606K, capacity 21164K, committed 21248K, reserved 1069056K
  class space    used 2323K, capacity 2516K, committed 2560K, reserved 1048576K
}
Event: 4.252 GC heap before
{Heap before GC invocations=6 (full 1):
 PSYoungGen      total 141824K, used 9851K [0x000000076ac00000, 0x0000000774100000, 0x00000007c0000000)
  eden space 131072K, 0% used [0x000000076ac00000,0x000000076ac00000,0x0000000772c00000)
  from space 10752K, 91% used [0x0000000772c00000,0x000000077359efe0,0x0000000773680000)
  to   space 10752K, 0% used [0x0000000773680000,0x0000000773680000,0x0000000774100000)
 ParOldGen       total 175104K, used 37072K [0x00000006c0400000, 0x00000006caf00000, 0x000000076ac00000)
  object space 175104K, 21% used [0x00000006c0400000,0x00000006c2834298,0x00000006caf00000)
 Metaspace       used 20606K, capacity 21164K, committed 21248K, reserved 1069056K
  class space    used 2323K, capacity 2516K, committed 2560K, reserved 1048576K
Event: 4.297 GC heap after
Heap after GC invocations=6 (full 1):
 PSYoungGen      total 141824K, used 0K [0x000000076ac00000, 0x0000000774100000, 0x00000007c0000000)
  eden space 131072K, 0% used [0x000000076ac00000,0x000000076ac00000,0x0000000772c00000)
  from space 10752K, 0% used [0x0000000772c00000,0x0000000772c00000,0x0000000773680000)
  to   space 10752K, 0% used [0x0000000773680000,0x0000000773680000,0x0000000774100000)
 ParOldGen       total 114176K, used 10148K [0x00000006c0400000, 0x00000006c7380000, 0x000000076ac00000)
  object space 114176K, 8% used [0x00000006c0400000,0x00000006c0de9158,0x00000006c7380000)
 Metaspace       used 20606K, capacity 21164K, committed 21248K, reserved 1069056K
  class space    used 2323K, capacity 2516K, committed 2560K, reserved 1048576K
}
Event: 6.504 GC heap before
{Heap before GC invocations=7 (full 1):
 PSYoungGen      total 141824K, used 118318K [0x000000076ac00000, 0x0000000774100000, 0x00000007c0000000)
  eden space 131072K, 90% used [0x000000076ac00000,0x0000000771f8bae0,0x0000000772c00000)
  from space 10752K, 0% used [0x0000000772c00000,0x0000000772c00000,0x0000000773680000)
  to   space 10752K, 0% used [0x0000000773680000,0x0000000773680000,0x0000000774100000)
 ParOldGen       total 114176K, used 10148K [0x00000006c0400000, 0x00000006c7380000, 0x000000076ac00000)
  object space 114176K, 8% used [0x00000006c0400000,0x00000006c0de9158,0x00000006c7380000)
 Metaspace       used 34416K, capacity 35344K, committed 35416K, reserved 1081344K
  class space    used 3977K, capacity 4218K, committed 4224K, reserved 1048576K
Event: 6.518 GC heap after
Heap after GC invocations=7 (full 1):
 PSYoungGen      total 120832K, used 10742K [0x000000076ac00000, 0x000000077c600000, 0x00000007c0000000)
  eden space 110080K, 0% used [0x000000076ac00000,0x000000076ac00000,0x0000000771780000)
  from space 10752K, 99% used [0x0000000773680000,0x00000007740fd908,0x0000000774100000)
  to   space 31744K, 0% used [0x0000000771780000,0x0000000771780000,0x0000000773680000)
 ParOldGen       total 114176K, used 15172K [0x00000006c0400000, 0x00000006c7380000, 0x000000076ac00000)
  object space 114176K, 13% used [0x00000006c0400000,0x00000006c12d1348,0x00000006c7380000)
 Metaspace       used 34416K, capacity 35344K, committed 35416K, reserved 1081344K
  class space    used 3977K, capacity 4218K, committed 4224K, reserved 1048576K
}
Event: 6.518 GC heap before
{Heap before GC invocations=8 (full 2):
 PSYoungGen      total 120832K, used 10742K [0x000000076ac00000, 0x000000077c600000, 0x00000007c0000000)
  eden space 110080K, 0% used [0x000000076ac00000,0x000000076ac00000,0x0000000771780000)
  from space 10752K, 99% used [0x0000000773680000,0x00000007740fd908,0x0000000774100000)
  to   space 31744K, 0% used [0x0000000771780000,0x0000000771780000,0x0000000773680000)
 ParOldGen       total 114176K, used 15172K [0x00000006c0400000, 0x00000006c7380000, 0x000000076ac00000)
  object space 114176K, 13% used [0x00000006c0400000,0x00000006c12d1348,0x00000006c7380000)
 Metaspace       used 34416K, capacity 35344K, committed 35416K, reserved 1081344K
  class space    used 3977K, capacity 4218K, committed 4224K, reserved 1048576K
Event: 6.617 GC heap after
Heap after GC invocations=8 (full 2):
 PSYoungGen      total 120832K, used 0K [0x000000076ac00000, 0x000000077c600000, 0x00000007c0000000)
  eden space 110080K, 0% used [0x000000076ac00000,0x000000076ac00000,0x0000000771780000)
  from space 10752K, 0% used [0x0000000773680000,0x0000000773680000,0x0000000774100000)
  to   space 31744K, 0% used [0x0000000771780000,0x0000000771780000,0x0000000773680000)
 ParOldGen       total 114176K, used 23178K [0x00000006c0400000, 0x00000006c7380000, 0x000000076ac00000)
  object space 114176K, 20% used [0x00000006c0400000,0x00000006c1aa2858,0x00000006c7380000)
 Metaspace       used 34416K, capacity 35344K, committed 35416K, reserved 1081344K
  class space    used 3977K, capacity 4218K, committed 4224K, reserved 1048576K
}

