# JRE version: Java(TM) SE Runtime Environment (8.0_261-b12) (build 1.8.0_261-b12)
# Java VM: Java HotSpot(TM) 64-Bit Server VM (25.261-b12 mixed mode windows-amd64 compressed oops)
Heap:
 PSYoungGen      total 303616K, used 199080K [0x00000000eab00000, 0x0000000100000000, 0x0000000100000000)
  eden space 262144K, 75% used [0x00000000eab00000,0x00000000f6d6a0f0,0x00000000fab00000)
  from space 41472K, 0% used [0x00000000fab00000,0x00000000fab00000,0x00000000fd380000)
  to   space 45568K, 0% used [0x00000000fd380000,0x00000000fd380000,0x0000000100000000)
 ParOldGen       total 699392K, used 41506K [0x00000000c0000000, 0x00000000eab00000, 0x00000000eab00000)
  object space 699392K, 5% used [0x00000000c0000000,0x00000000c2888868,0x00000000eab00000)
 Metaspace       used 98040K, capacity 108162K, committed 108416K, reserved 1142784K
  class space    used 12977K, capacity 15895K, committed 16000K, reserved 1048576K
GC Heap History (10 events):
Event: 2.552 GC heap before
{Heap before GC invocations=2 (full 0):
 PSYoungGen      total 305664K, used 282318K [0x00000000eab00000, 0x0000000100000000, 0x0000000100000000)
  eden space 262144K, 100% used [0x00000000eab00000,0x00000000fab00000,0x00000000fab00000)
  from space 43520K, 46% used [0x00000000fab00000,0x00000000fbeb3868,0x00000000fd580000)
  to   space 43520K, 0% used [0x00000000fd580000,0x00000000fd580000,0x0000000100000000)
 ParOldGen       total 699392K, used 2324K [0x00000000c0000000, 0x00000000eab00000, 0x00000000eab00000)
  object space 699392K, 0% used [0x00000000c0000000,0x00000000c02452f8,0x00000000eab00000)
 Metaspace       used 36612K, capacity 41102K, committed 41472K, reserved 1085440K
  class space    used 4850K, capacity 6048K, committed 6144K, reserved 1048576K
Event: 2.591 GC heap after
Heap after GC invocations=2 (full 0):
 PSYoungGen      total 305664K, used 29934K [0x00000000eab00000, 0x0000000100000000, 0x0000000100000000)
  eden space 262144K, 0% used [0x00000000eab00000,0x00000000eab00000,0x00000000fab00000)
  from space 43520K, 68% used [0x00000000fd580000,0x00000000ff2bb898,0x0000000100000000)
  to   space 43520K, 0% used [0x00000000fab00000,0x00000000fab00000,0x00000000fd580000)
 ParOldGen       total 699392K, used 2340K [0x00000000c0000000, 0x00000000eab00000, 0x00000000eab00000)
  object space 699392K, 0% used [0x00000000c0000000,0x00000000c02492f8,0x00000000eab00000)
 Metaspace       used 36612K, capacity 41102K, committed 41472K, reserved 1085440K
  class space    used 4850K, capacity 6048K, committed 6144K, reserved 1048576K
}
Event: 3.936 GC heap before
{Heap before GC invocations=3 (full 0):
 PSYoungGen      total 305664K, used 292078K [0x00000000eab00000, 0x0000000100000000, 0x0000000100000000)
  eden space 262144K, 100% used [0x00000000eab00000,0x00000000fab00000,0x00000000fab00000)
  from space 43520K, 68% used [0x00000000fd580000,0x00000000ff2bb898,0x0000000100000000)
  to   space 43520K, 0% used [0x00000000fab00000,0x00000000fab00000,0x00000000fd580000)
 ParOldGen       total 699392K, used 2340K [0x00000000c0000000, 0x00000000eab00000, 0x00000000eab00000)
  object space 699392K, 0% used [0x00000000c0000000,0x00000000c02492f8,0x00000000eab00000)
 Metaspace       used 58397K, capacity 66250K, committed 66560K, reserved 1105920K
  class space    used 7750K, capacity 9877K, committed 9984K, reserved 1048576K
Event: 3.995 GC heap after
Heap after GC invocations=3 (full 0):
 PSYoungGen      total 305664K, used 43513K [0x00000000eab00000, 0x0000000100000000, 0x0000000100000000)
  eden space 262144K, 0% used [0x00000000eab00000,0x00000000eab00000,0x00000000fab00000)
  from space 43520K, 99% used [0x00000000fab00000,0x00000000fd57e720,0x00000000fd580000)
  to   space 43520K, 0% used [0x00000000fd580000,0x00000000fd580000,0x0000000100000000)
 ParOldGen       total 699392K, used 8331K [0x00000000c0000000, 0x00000000eab00000, 0x00000000eab00000)
  object space 699392K, 1% used [0x00000000c0000000,0x00000000c0822ea8,0x00000000eab00000)
 Metaspace       used 58397K, capacity 66250K, committed 66560K, reserved 1105920K
  class space    used 7750K, capacity 9877K, committed 9984K, reserved 1048576K
}
Event: 7.529 GC heap before
{Heap before GC invocations=4 (full 0):
 PSYoungGen      total 305664K, used 305657K [0x00000000eab00000, 0x0000000100000000, 0x0000000100000000)
  eden space 262144K, 100% used [0x00000000eab00000,0x00000000fab00000,0x00000000fab00000)
  from space 43520K, 99% used [0x00000000fab00000,0x00000000fd57e720,0x00000000fd580000)
  to   space 43520K, 0% used [0x00000000fd580000,0x00000000fd580000,0x0000000100000000)
 ParOldGen       total 699392K, used 8331K [0x00000000c0000000, 0x00000000eab00000, 0x00000000eab00000)
  object space 699392K, 1% used [0x00000000c0000000,0x00000000c0822ea8,0x00000000eab00000)
 Metaspace       used 86768K, capacity 96902K, committed 97280K, reserved 1132544K
  class space    used 11908K, capacity 14764K, committed 14848K, reserved 1048576K
Event: 7.615 GC heap after
Heap after GC invocations=4 (full 0):
 PSYoungGen      total 305664K, used 43518K [0x00000000eab00000, 0x0000000100000000, 0x0000000100000000)
  eden space 262144K, 0% used [0x00000000eab00000,0x00000000eab00000,0x00000000fab00000)
  from space 43520K, 99% used [0x00000000fd580000,0x00000000fffff870,0x0000000100000000)
  to   space 43520K, 0% used [0x00000000fab00000,0x00000000fab00000,0x00000000fd580000)
 ParOldGen       total 699392K, used 34915K [0x00000000c0000000, 0x00000000eab00000, 0x00000000eab00000)
  object space 699392K, 4% used [0x00000000c0000000,0x00000000c2218de8,0x00000000eab00000)
 Metaspace       used 86768K, capacity 96902K, committed 97280K, reserved 1132544K
  class space    used 11908K, capacity 14764K, committed 14848K, reserved 1048576K
}
Event: 7.825 GC heap before
{Heap before GC invocations=5 (full 0):
 PSYoungGen      total 305664K, used 93309K [0x00000000eab00000, 0x0000000100000000, 0x0000000100000000)
  eden space 262144K, 18% used [0x00000000eab00000,0x00000000edb9fc80,0x00000000fab00000)
  from space 43520K, 99% used [0x00000000fd580000,0x00000000fffff870,0x0000000100000000)
  to   space 43520K, 0% used [0x00000000fab00000,0x00000000fab00000,0x00000000fd580000)
 ParOldGen       total 699392K, used 34915K [0x00000000c0000000, 0x00000000eab00000, 0x00000000eab00000)
  object space 699392K, 4% used [0x00000000c0000000,0x00000000c2218de8,0x00000000eab00000)
 Metaspace       used 88089K, capacity 98176K, committed 98304K, reserved 1132544K
  class space    used 12078K, capacity 14948K, committed 14976K, reserved 1048576K
Event: 7.879 GC heap after
Heap after GC invocations=5 (full 0):
 PSYoungGen      total 303616K, used 41320K [0x00000000eab00000, 0x0000000100000000, 0x0000000100000000)
  eden space 262144K, 0% used [0x00000000eab00000,0x00000000eab00000,0x00000000fab00000)
  from space 41472K, 99% used [0x00000000fab00000,0x00000000fd35a368,0x00000000fd380000)
  to   space 45568K, 0% used [0x00000000fd380000,0x00000000fd380000,0x0000000100000000)
 ParOldGen       total 699392K, used 34923K [0x00000000c0000000, 0x00000000eab00000, 0x00000000eab00000)
  object space 699392K, 4% used [0x00000000c0000000,0x00000000c221ade8,0x00000000eab00000)
 Metaspace       used 88089K, capacity 98176K, committed 98304K, reserved 1132544K
  class space    used 12078K, capacity 14948K, committed 14976K, reserved 1048576K
}
Event: 7.879 GC heap before
{Heap before GC invocations=6 (full 1):
 PSYoungGen      total 303616K, used 41320K [0x00000000eab00000, 0x0000000100000000, 0x0000000100000000)
  eden space 262144K, 0% used [0x00000000eab00000,0x00000000eab00000,0x00000000fab00000)
  from space 41472K, 99% used [0x00000000fab00000,0x00000000fd35a368,0x00000000fd380000)
  to   space 45568K, 0% used [0x00000000fd380000,0x00000000fd380000,0x0000000100000000)
 ParOldGen       total 699392K, used 34923K [0x00000000c0000000, 0x00000000eab00000, 0x00000000eab00000)
  object space 699392K, 4% used [0x00000000c0000000,0x00000000c221ade8,0x00000000eab00000)
 Metaspace       used 88089K, capacity 98176K, committed 98304K, reserved 1132544K
  class space    used 12078K, capacity 14948K, committed 14976K, reserved 1048576K
Event: 8.091 GC heap after
Heap after GC invocations=6 (full 1):
 PSYoungGen      total 303616K, used 0K [0x00000000eab00000, 0x0000000100000000, 0x0000000100000000)
  eden space 262144K, 0% used [0x00000000eab00000,0x00000000eab00000,0x00000000fab00000)
  from space 41472K, 0% used [0x00000000fab00000,0x00000000fab00000,0x00000000fd380000)
  to   space 45568K, 0% used [0x00000000fd380000,0x00000000fd380000,0x0000000100000000)
 ParOldGen       total 699392K, used 41506K [0x00000000c0000000, 0x00000000eab00000, 0x00000000eab00000)
  object space 699392K, 5% used [0x00000000c0000000,0x00000000c2888868,0x00000000eab00000)
 Metaspace       used 88043K, capacity 98032K, committed 98304K, reserved 1132544K
  class space    used 12063K, capacity 14922K, committed 14976K, reserved 1048576K
}

